#
# There is insufficient memory for the Java Runtime Environment to continue.
# Native memory allocation (malloc) failed to allocate 1048576 bytes for AllocateHeap
# Possible reasons:
#   The system is out of physical RAM or swap space
#   The process is running with CompressedOops enabled, and the Java Heap may be blocking the growth of the native heap
# Possible solutions:
#   Reduce memory load on the system
#   Increase physical memory or swap space
#   Check if swap backing store is full
#   Decrease Java heap size (-Xmx/-Xms)
#   Decrease number of Java threads
#   Decrease Java thread stack sizes (-Xss)
#   Set larger code cache with -XX:ReservedCodeCacheSize=
#   JVM is running with Zero Based Compressed Oops mode in which the Java heap is
#     placed in the first 32GB address space. The Java Heap base address is the
#     maximum limit for the native heap growth. Please use -XX:HeapBaseMinAddress
#     to set the Java Heap base and to place the Java Heap above 32GB virtual address.
# This output file may be truncated or incomplete.
#
#  Out of Memory Error (allocation.cpp:44), pid=16048, tid=24360
#
# JRE version:  (21.0.1+12) (build )
# Java VM: Java HotSpot(TM) 64-Bit Server VM (21.0.1+12-LTS-29, mixed mode, sharing, tiered, compressed oops, compressed class ptrs, g1 gc, windows-amd64)
# No core dump will be written. Minidumps are not enabled by default on client versions of Windows
#

---------------  S U M M A R Y ------------

Command Line: -Denv.class.path=D:\Facultate\AN3\Sem1\IS\lab3\compiled\simplechat1 -Dapplication.home=C:\Program Files\Java\jdk-21 --add-modules=ALL-DEFAULT -Xms8m -Djdk.module.main=jdk.compiler jdk.compiler/com.sun.tools.javac.Main DemoApplication.java

Host: Intel(R) Core(TM) i7-9750H CPU @ 2.60GHz, 12 cores, 15G,  Windows 10 , 64 bit Build 19041 (10.0.19041.4957)
Time: Tue Oct 15 18:55:30 2024 GTB Daylight Time elapsed time: 0.044947 seconds (0d 0h 0m 0s)

---------------  T H R E A D  ---------------

Current thread (0x000001ccea1b2100):  JavaThread "Unknown thread" [_thread_in_vm, id=24360, stack(0x0000005cd8100000,0x0000005cd8200000) (1024K)]

Stack: [0x0000005cd8100000,0x0000005cd8200000]
Native frames: (J=compiled Java code, j=interpreted, Vv=VM code, C=native code)
V  [jvm.dll+0x6c9029]
V  [jvm.dll+0x854b81]
V  [jvm.dll+0x856e5e]
V  [jvm.dll+0x857543]
V  [jvm.dll+0x280c06]
V  [jvm.dll+0xbea87]
V  [jvm.dll+0x331715]
V  [jvm.dll+0x329d61]
V  [jvm.dll+0x81d179]
V  [jvm.dll+0x3bb4f1]
V  [jvm.dll+0x805ae8]
V  [jvm.dll+0x44effe]
V  [jvm.dll+0x450901]
C  [jli.dll+0x52a3]
C  [ucrtbase.dll+0x21bb2]
C  [KERNEL32.DLL+0x17374]
C  [ntdll.dll+0x4cc91]


---------------  P R O C E S S  ---------------

Threads class SMR info:
_java_thread_list=0x00007fffd0309b88, length=0, elements={
}

Java Threads: ( => current thread )
Total: 0

Other Threads:
  0x000001ccec5749d0 WorkerThread "GC Thread#0"                     [id=23492, stack(0x0000005cd8200000,0x0000005cd8300000) (1024K)]

[error occurred during error reporting (printing all threads), id 0xc0000005, EXCEPTION_ACCESS_VIOLATION (0xc0000005) at pc=0x00007fffcfa762a0]
VM state: not at safepoint (not fully initialized)

VM Mutex/Monitor currently owned by a thread:  ([mutex/lock_event])
[0x00007fffd037a6f8] Heap_lock - owner thread: 0x000001ccea1b2100

Heap address: 0x0000000702800000, size: 4056 MB, Compressed Oops mode: Zero based, Oop shift amount: 3

CDS archive(s) mapped at: [0x0000000000000000-0x0000000000000000-0x0000000000000000), size 0, SharedBaseAddress: 0x0000000800000000, ArchiveRelocationMode: 1.
Narrow klass base: 0x0000000000000000, Narrow klass shift: 0, Narrow klass range: 0x0

GC Precious Log:
 CardTable entry size: 512
 Card Set container configuration: InlinePtr #cards 4 size 8 Array Of Cards #cards 16 size 48 Howl #buckets 8 coarsen threshold 3686 Howl Bitmap #cards 512 size 80 coarsen threshold 460 Card regions per heap region 1 cards per card region 4096

Heap:
 garbage-first heap   total 0K, used 0K [0x0000000702800000, 0x0000000800000000)
  region size 2048K, 0 young (0K), 0 survivors (0K)

[error occurred during error reporting (printing heap information), id 0xc0000005, EXCEPTION_ACCESS_VIOLATION (0xc0000005) at pc=0x00007fffcfe61be9]
GC Heap History (0 events):
No events

Dll operation events (1 events):
Event: 0.025 Loaded shared library C:\Program Files\Java\jdk-21\bin\java.dll

Deoptimization events (0 events):
No events

Classes loaded (0 events):
No events

Classes unloaded (0 events):
No events

Classes redefined (0 events):
No events

Internal exceptions (0 events):
No events

ZGC Phase Switch (0 events):
No events

VM Operations (0 events):
No events

Events (0 events):
No events


Dynamic libraries:
0x00007ff765b80000 - 0x00007ff765b88000 	C:\Program Files\Java\jdk-21\bin\javac.exe
0x00007ff850510000 - 0x00007ff850708000 	C:\WINDOWS\SYSTEM32\ntdll.dll
0x00007ff84e780000 - 0x00007ff84e842000 	C:\WINDOWS\System32\KERNEL32.DLL
0x00007ff84dea0000 - 0x00007ff84e19e000 	C:\WINDOWS\System32\KERNELBASE.dll
0x00007ff84e2d0000 - 0x00007ff84e3d0000 	C:\WINDOWS\System32\ucrtbase.dll
0x00007ff81b750000 - 0x00007ff81b769000 	C:\Program Files\Java\jdk-21\bin\jli.dll
0x00007ff81b3c0000 - 0x00007ff81b3db000 	C:\Program Files\Java\jdk-21\bin\VCRUNTIME140.dll
0x00007ff84e9b0000 - 0x00007ff84ea62000 	C:\WINDOWS\System32\ADVAPI32.dll
0x00007ff84f5e0000 - 0x00007ff84f67e000 	C:\WINDOWS\System32\msvcrt.dll
0x00007ff84e680000 - 0x00007ff84e720000 	C:\WINDOWS\System32\sechost.dll
0x00007ff84ee90000 - 0x00007ff84efb3000 	C:\WINDOWS\System32\RPCRT4.dll
0x00007ff84e3d0000 - 0x00007ff84e3f7000 	C:\WINDOWS\System32\bcrypt.dll
0x00007ff84ecf0000 - 0x00007ff84ee8d000 	C:\WINDOWS\System32\USER32.dll
0x00007ff82e810000 - 0x00007ff82eaaa000 	C:\WINDOWS\WinSxS\amd64_microsoft.windows.common-controls_6595b64144ccf1df_6.0.19041.4355_none_60b8b9eb71f62e16\COMCTL32.dll
0x00007ff84e500000 - 0x00007ff84e522000 	C:\WINDOWS\System32\win32u.dll
0x00007ff84e530000 - 0x00007ff84e55b000 	C:\WINDOWS\System32\GDI32.dll
0x00007ff84dc20000 - 0x00007ff84dd37000 	C:\WINDOWS\System32\gdi32full.dll
0x00007ff84e230000 - 0x00007ff84e2cd000 	C:\WINDOWS\System32\msvcp_win.dll
0x00007ff849560000 - 0x00007ff84956a000 	C:\WINDOWS\SYSTEM32\VERSION.dll
0x00007ff84f050000 - 0x00007ff84f07f000 	C:\WINDOWS\System32\IMM32.DLL
0x00007ff823430000 - 0x00007ff82343c000 	C:\Program Files\Java\jdk-21\bin\vcruntime140_1.dll
0x00007ffff76d0000 - 0x00007ffff775e000 	C:\Program Files\Java\jdk-21\bin\msvcp140.dll
0x00007fffcf740000 - 0x00007fffd0455000 	C:\Program Files\Java\jdk-21\bin\server\jvm.dll
0x00007ff84f680000 - 0x00007ff84f6eb000 	C:\WINDOWS\System32\WS2_32.dll
0x00007ff84d100000 - 0x00007ff84d14b000 	C:\WINDOWS\SYSTEM32\POWRPROF.dll
0x00007ff83d8f0000 - 0x00007ff83d917000 	C:\WINDOWS\SYSTEM32\WINMM.dll
0x00007ff84cf70000 - 0x00007ff84cf82000 	C:\WINDOWS\SYSTEM32\UMPDC.dll
0x00007ff84bbd0000 - 0x00007ff84bbe2000 	C:\WINDOWS\SYSTEM32\kernel.appcore.dll
0x00007ff8230d0000 - 0x00007ff8230da000 	C:\Program Files\Java\jdk-21\bin\jimage.dll
0x00007ff84b720000 - 0x00007ff84b904000 	C:\WINDOWS\SYSTEM32\DBGHELP.DLL
0x00007ff83da80000 - 0x00007ff83dab4000 	C:\WINDOWS\SYSTEM32\dbgcore.DLL
0x00007ff84e1a0000 - 0x00007ff84e222000 	C:\WINDOWS\System32\bcryptPrimitives.dll
0x00007ff819190000 - 0x00007ff8191af000 	C:\Program Files\Java\jdk-21\bin\java.dll

dbghelp: loaded successfully - version: 4.0.5 - missing functions: none
symbol engine: initialized successfully - sym options: 0x614 - pdb path: .;C:\Program Files\Java\jdk-21\bin;C:\WINDOWS\SYSTEM32;C:\WINDOWS\WinSxS\amd64_microsoft.windows.common-controls_6595b64144ccf1df_6.0.19041.4355_none_60b8b9eb71f62e16;C:\Program Files\Java\jdk-21\bin\server

VM Arguments:
jvm_args: -Denv.class.path=D:\Facultate\AN3\Sem1\IS\lab3\compiled\simplechat1 -Dapplication.home=C:\Program Files\Java\jdk-21 --add-modules=ALL-DEFAULT -Xms8m -Djdk.module.main=jdk.compiler 
java_command: jdk.compiler/com.sun.tools.javac.Main DemoApplication.java
java_class_path (initial): <not set>
Launcher Type: SUN_STANDARD

[Global flags]
     intx CICompilerCount                          = 4                                         {product} {ergonomic}
     uint ConcGCThreads                            = 3                                         {product} {ergonomic}
     uint G1ConcRefinementThreads                  = 10                                        {product} {ergonomic}
   size_t G1HeapRegionSize                         = 2097152                                   {product} {ergonomic}
    uintx GCDrainStackTargetSize                   = 64                                        {product} {ergonomic}
   size_t InitialHeapSize                          = 8388608                                   {product} {command line}
   size_t MarkStackSize                            = 4194304                                   {product} {ergonomic}
   size_t MaxHeapSize                              = 4253024256                                {product} {ergonomic}
   size_t MinHeapDeltaBytes                        = 2097152                                   {product} {ergonomic}
   size_t MinHeapSize                              = 8388608                                   {product} {command line}
    uintx NonNMethodCodeHeapSize                   = 5839372                                {pd product} {ergonomic}
    uintx NonProfiledCodeHeapSize                  = 122909434                              {pd product} {ergonomic}
    uintx ProfiledCodeHeapSize                     = 122909434                              {pd product} {ergonomic}
    uintx ReservedCodeCacheSize                    = 251658240                              {pd product} {ergonomic}
     bool SegmentedCodeCache                       = true                                      {product} {ergonomic}
   size_t SoftMaxHeapSize                          = 4253024256                             {manageable} {ergonomic}
     bool UseCompressedOops                        = true                           {product lp64_product} {ergonomic}
     bool UseG1GC                                  = true                                      {product} {ergonomic}
     bool UseLargePagesIndividualAllocation        = false                                  {pd product} {ergonomic}

Logging:
Log output configuration:
 #0: stdout all=warning uptime,level,tags foldmultilines=false
 #1: stderr all=off uptime,level,tags foldmultilines=false

Environment Variables:
CLASSPATH=D:\Facultate\AN3\Sem1\IS\lab3\compiled\simplechat1
PATH=C:\Program Files\NVIDIA GPU Computing Toolkit\CUDA\v12.6\bin;C:\Program Files\NVIDIA GPU Computing Toolkit\CUDA\v12.6\libnvvp;C:\Program Files\NVIDIA\CUDNN\v9.3\bin;C:\Program Files\Common Files\Oracle\Java\javapath;C:\Program Files (x86)\Common Files\Oracle\Java\javapath;C:\PROGRA~2\Aldec\ACTIVE~1.3\BIN;C:\Program Files\NVIDIA Corporation\NVIDIA NvDLISR;D:\mathlab\bin;C:\Program Files\Docker\Docker\resources\bin;C:\Program Files\dotnet\;C:\Program Files (x86)\dotnet\;C:\Program Files\nodejs\;D:\git\Git\cmd;C:\Program Files\NVIDIA Corporation\Nsight Compute 2024.3.0\;C:\Program Files (x86)\NVIDIA Corporation\PhysX\Common;C:\Program Files (x86)\Elm\0.19.1\bin;C:\Users\razva\AppData\Local\Microsoft\WindowsApps;C:\Users\razva\.dotnet\tools;C:\Users\razva\AppData\Local\Programs\Microsoft VS Code\bin;C:\Users\razva\Downloads\Folder nou (2);C:\windows\system32;C:\Users\razva\AppData\Roaming\npm;C:\Program Files\CMake\bin;C:\Program Files\Java\jre1.8.0_45\bin;C:\ghcup\bin;C:\Users\razva\AppData\Local\GitHubDesktop\bin
USERNAME=razva
LANG=en_US.UTF-8
OS=Windows_NT
PROCESSOR_IDENTIFIER=Intel64 Family 6 Model 158 Stepping 10, GenuineIntel
TMP=C:\Users\razva\AppData\Local\Temp
TEMP=C:\Users\razva\AppData\Local\Temp




Periodic native trim disabled

---------------  S Y S T E M  ---------------

OS:
 Windows 10 , 64 bit Build 19041 (10.0.19041.4957)
OS uptime: 2 days 5:25 hours
Hyper-V role detected

CPU: total 12 (initial active 12) (6 cores per cpu, 2 threads per core) family 6 model 158 stepping 10 microcode 0xcc, cx8, cmov, fxsr, ht, mmx, 3dnowpref, sse, sse2, sse3, ssse3, sse4.1, sse4.2, popcnt, lzcnt, tsc, tscinvbit, avx, avx2, aes, erms, clmul, bmi1, bmi2, adx, fma, vzeroupper, clflush, clflushopt, hv, rdtscp, f16c
Processor Information for all 12 processors :
  Max Mhz: 2592, Current Mhz: 2592, Mhz Limit: 2592

Memory: 4k page, system-wide physical 16223M (2193M free)
TotalPageFile size 34281M (AvailPageFile size 5M)
current process WorkingSet (physical memory assigned to process): 10M, peak: 10M
current process commit charge ("private bytes"): 61M, peak: 62M

vm_info: Java HotSpot(TM) 64-Bit Server VM (21.0.1+12-LTS-29) for windows-amd64 JRE (21.0.1+12-LTS-29), built on 2023-10-05T13:27:09Z by "mach5one" with MS VC++ 17.1 (VS2022)

END.
