#
# There is insufficient memory for the Java Runtime Environment to continue.
# Native memory allocation (malloc) failed to allocate 65552 bytes. Error detail: Chunk::new
# Possible reasons:
#   The system is out of physical RAM or swap space
#   This process is running with CompressedOops enabled, and the Java Heap may be blocking the growth of the native heap
# Possible solutions:
#   Reduce memory load on the system
#   Increase physical memory or swap space
#   Check if swap backing store is full
#   Decrease Java heap size (-Xmx/-Xms)
#   Decrease number of Java threads
#   Decrease Java thread stack sizes (-Xss)
#   Set larger code cache with -XX:ReservedCodeCacheSize=
#   JVM is running with Unscaled Compressed Oops mode in which the Java heap is
#     placed in the first 4GB address space. The Java Heap base address is the
#     maximum limit for the native heap growth. Please use -XX:HeapBaseMinAddress
#     to set the Java Heap base and to place the Java Heap above 4GB virtual address.
# This output file may be truncated or incomplete.
#
#  Out of Memory Error (arena.cpp:191), pid=22620, tid=19652
#
# JRE version: OpenJDK Runtime Environment Temurin-17.0.12+7 (17.0.12+7) (build 17.0.12+7)
# Java VM: OpenJDK 64-Bit Server VM Temurin-17.0.12+7 (17.0.12+7, mixed mode, tiered, compressed oops, compressed class ptrs, parallel gc, windows-amd64)
# No core dump will be written. Minidumps are not enabled by default on client versions of Windows
#

---------------  S U M M A R Y ------------

Command Line: --add-modules=ALL-SYSTEM --add-opens=java.base/java.util=ALL-UNNAMED --add-opens=java.base/java.lang=ALL-UNNAMED --add-opens=java.base/sun.nio.fs=ALL-UNNAMED -Declipse.application=org.eclipse.jdt.ls.core.id1 -Dosgi.bundles.defaultStartLevel=4 -Declipse.product=org.eclipse.jdt.ls.core.product -Djava.import.generatesMetadataFilesAtProjectRoot=false -DDetectVMInstallationsJob.disabled=true -Dfile.encoding=utf8 -XX:+UseParallelGC -XX:GCTimeRatio=4 -XX:AdaptiveSizePolicyWeight=90 -Dsun.zip.disableMemoryMapping=true -Xmx1G -Xms100m -Xlog:disable -javaagent:c:\Users\razva\.vscode\extensions\redhat.java-1.35.1-win32-x64\lombok\lombok-1.18.33.jar -XX:+HeapDumpOnOutOfMemoryError -XX:HeapDumpPath=c:\Users\razva\AppData\Roaming\Code\User\workspaceStorage\7dcb9be5fa4ee758dcac18628093a193\redhat.java -Daether.dependencyCollector.impl=bf c:\Users\razva\.vscode\extensions\redhat.java-1.35.1-win32-x64\server\plugins\org.eclipse.equinox.launcher_1.6.900.v20240613-2009.jar -configuration c:\Users\razva\AppData\Roaming\Code\User\globalStorage\redhat.java\1.35.1\config_win -data c:\Users\razva\AppData\Roaming\Code\User\workspaceStorage\7dcb9be5fa4ee758dcac18628093a193\redhat.java\jdt_ws --pipe=\\.\pipe\lsp-7b0c7f190b5c93ca057a4bc4dbc2dc99-sock

Host: Intel(R) Core(TM) i7-9750H CPU @ 2.60GHz, 12 cores, 15G,  Windows 10 , 64 bit Build 19041 (10.0.19041.4957)
Time: Tue Oct 15 18:55:30 2024 GTB Daylight Time elapsed time: 11.632345 seconds (0d 0h 0m 11s)

---------------  T H R E A D  ---------------

Current thread (0x00000159914b1060):  JavaThread "C2 CompilerThread2" daemon [_thread_in_native, id=19652, stack(0x00000034c0000000,0x00000034c0100000)]


Current CompileTask:
C2:  11632 6208       4       com.google.gson.internal.bind.TypeAdapterRuntimeTypeWrapper::read (9 bytes)

Stack: [0x00000034c0000000,0x00000034c0100000]
Native frames: (J=compiled Java code, j=interpreted, Vv=VM code, C=native code)
V  [jvm.dll+0x67f929]
V  [jvm.dll+0x8371ba]
V  [jvm.dll+0x838c7e]
V  [jvm.dll+0x8392e3]
V  [jvm.dll+0x24834f]
V  [jvm.dll+0xac9d4]
V  [jvm.dll+0xad01c]
V  [jvm.dll+0xacadb]
V  [jvm.dll+0x6a4d18]
V  [jvm.dll+0x1a9f23]
V  [jvm.dll+0x6a3341]
V  [jvm.dll+0x6a2b82]
V  [jvm.dll+0x21abc0]
V  [jvm.dll+0x219cf1]
V  [jvm.dll+0x1a58bd]
V  [jvm.dll+0x229a2d]
V  [jvm.dll+0x227bdc]
V  [jvm.dll+0x7ec1f7]
V  [jvm.dll+0x7e65dc]
V  [jvm.dll+0x67e7f7]
C  [ucrtbase.dll+0x21bb2]
C  [KERNEL32.DLL+0x17374]
C  [ntdll.dll+0x4cc91]


---------------  P R O C E S S  ---------------

Threads class SMR info:
_java_thread_list=0x0000015991cef100, length=57, elements={
0x00000159f551dd40, 0x00000159f55de320, 0x00000159ff6d80a0, 0x00000159fa3baed0,
0x00000159fa3bbd50, 0x00000159fa3bd370, 0x00000159ff707bb0, 0x00000159ff70e550,
0x00000159ff70fe90, 0x00000159ff711030, 0x00000159f55803e0, 0x00000159ff99d420,
0x0000015990240410, 0x000001598fe95720, 0x00000159904878a0, 0x0000015990487d80,
0x00000159904a62b0, 0x00000159904a6790, 0x00000159907170a0, 0x00000159904822e0,
0x00000159904827f0, 0x0000015990482d00, 0x0000015990483210, 0x00000159904818c0,
0x0000015990481dd0, 0x0000015990ad6e80, 0x0000015990ad1870, 0x0000015990ad5f50,
0x0000015990ad7390, 0x0000015990ad5020, 0x0000015990ad78a0, 0x0000015991248030,
0x0000015990ad27a0, 0x0000015990ad7db0, 0x0000015990ad82c0, 0x00000159914b1060,
0x0000015990ad87d0, 0x0000015990ad36d0, 0x0000015990ad91f0, 0x0000015990ad8ce0,
0x0000015990ad5530, 0x0000015990ad4600, 0x0000015990ad4b10, 0x0000015990ad1d80,
0x0000015990ad2290, 0x0000015990ad2cb0, 0x0000015990ad31c0, 0x0000015990ad3be0,
0x0000015990ad40f0, 0x0000015991b5f720, 0x0000015991b61a90, 0x0000015991b61fa0,
0x0000015991b62ed0, 0x0000015991b5e2e0, 0x0000015991b5e7f0, 0x0000015991b61070,
0x0000015991b60b60
}

Java Threads: ( => current thread )
  0x00000159f551dd40 JavaThread "main" [_thread_blocked, id=20528, stack(0x00000034bd100000,0x00000034bd200000)]
  0x00000159f55de320 JavaThread "Reference Handler" daemon [_thread_blocked, id=10452, stack(0x00000034bd400000,0x00000034bd500000)]
  0x00000159ff6d80a0 JavaThread "Finalizer" daemon [_thread_blocked, id=12488, stack(0x00000034bd500000,0x00000034bd600000)]
  0x00000159fa3baed0 JavaThread "Signal Dispatcher" daemon [_thread_blocked, id=12884, stack(0x00000034bd600000,0x00000034bd700000)]
  0x00000159fa3bbd50 JavaThread "Attach Listener" daemon [_thread_blocked, id=13420, stack(0x00000034bd700000,0x00000034bd800000)]
  0x00000159fa3bd370 JavaThread "Service Thread" daemon [_thread_blocked, id=24152, stack(0x00000034bd800000,0x00000034bd900000)]
  0x00000159ff707bb0 JavaThread "Monitor Deflation Thread" daemon [_thread_blocked, id=19064, stack(0x00000034bd900000,0x00000034bda00000)]
  0x00000159ff70e550 JavaThread "C2 CompilerThread0" daemon [_thread_in_native, id=15176, stack(0x00000034bda00000,0x00000034bdb00000)]
  0x00000159ff70fe90 JavaThread "C1 CompilerThread0" daemon [_thread_blocked, id=11940, stack(0x00000034bdb00000,0x00000034bdc00000)]
  0x00000159ff711030 JavaThread "Sweeper thread" daemon [_thread_blocked, id=12460, stack(0x00000034bdc00000,0x00000034bdd00000)]
  0x00000159f55803e0 JavaThread "Common-Cleaner" daemon [_thread_blocked, id=24140, stack(0x00000034bdd00000,0x00000034bde00000)]
  0x00000159ff99d420 JavaThread "Notification Thread" daemon [_thread_blocked, id=20656, stack(0x00000034bde00000,0x00000034bdf00000)]
  0x0000015990240410 JavaThread "Equinox resolver thread - Equinox Container: 12435efc-fba0-4984-8444-0120e4c609e3" daemon [_thread_blocked, id=20148, stack(0x00000034be700000,0x00000034be800000)]
  0x000001598fe95720 JavaThread "Equinox resolver thread - Equinox Container: 12435efc-fba0-4984-8444-0120e4c609e3" daemon [_thread_blocked, id=23868, stack(0x00000034be800000,0x00000034be900000)]
  0x00000159904878a0 JavaThread "Equinox resolver thread - Equinox Container: 12435efc-fba0-4984-8444-0120e4c609e3" daemon [_thread_blocked, id=21944, stack(0x00000034be900000,0x00000034bea00000)]
  0x0000015990487d80 JavaThread "Equinox resolver thread - Equinox Container: 12435efc-fba0-4984-8444-0120e4c609e3" daemon [_thread_blocked, id=17220, stack(0x00000034bea00000,0x00000034beb00000)]
  0x00000159904a62b0 JavaThread "Equinox resolver thread - Equinox Container: 12435efc-fba0-4984-8444-0120e4c609e3" daemon [_thread_blocked, id=16412, stack(0x00000034beb00000,0x00000034bec00000)]
  0x00000159904a6790 JavaThread "Equinox resolver thread - Equinox Container: 12435efc-fba0-4984-8444-0120e4c609e3" daemon [_thread_blocked, id=11952, stack(0x00000034bec00000,0x00000034bed00000)]
  0x00000159907170a0 JavaThread "Active Thread: Equinox Container: 12435efc-fba0-4984-8444-0120e4c609e3" [_thread_blocked, id=12644, stack(0x00000034bed00000,0x00000034bee00000)]
  0x00000159904822e0 JavaThread "Framework Event Dispatcher: Equinox Container: 12435efc-fba0-4984-8444-0120e4c609e3" daemon [_thread_blocked, id=14580, stack(0x00000034be000000,0x00000034be100000)]
  0x00000159904827f0 JavaThread "Start Level: Equinox Container: 12435efc-fba0-4984-8444-0120e4c609e3" daemon [_thread_blocked, id=24436, stack(0x00000034be100000,0x00000034be200000)]
  0x0000015990482d00 JavaThread "Refresh Thread: Equinox Container: 12435efc-fba0-4984-8444-0120e4c609e3" daemon [_thread_blocked, id=22456, stack(0x00000034bf200000,0x00000034bf300000)]
  0x0000015990483210 JavaThread "Equinox resolver thread - Equinox Container: 12435efc-fba0-4984-8444-0120e4c609e3" daemon [_thread_blocked, id=7532, stack(0x00000034bf300000,0x00000034bf400000)]
  0x00000159904818c0 JavaThread "Equinox resolver thread - Equinox Container: 12435efc-fba0-4984-8444-0120e4c609e3" daemon [_thread_blocked, id=23580, stack(0x00000034bf400000,0x00000034bf500000)]
  0x0000015990481dd0 JavaThread "Equinox resolver thread - Equinox Container: 12435efc-fba0-4984-8444-0120e4c609e3" daemon [_thread_blocked, id=19044, stack(0x00000034bf500000,0x00000034bf600000)]
  0x0000015990ad6e80 JavaThread "Equinox resolver thread - Equinox Container: 12435efc-fba0-4984-8444-0120e4c609e3" daemon [_thread_blocked, id=18592, stack(0x00000034bf600000,0x00000034bf700000)]
  0x0000015990ad1870 JavaThread "Equinox resolver thread - Equinox Container: 12435efc-fba0-4984-8444-0120e4c609e3" daemon [_thread_blocked, id=15100, stack(0x00000034bf700000,0x00000034bf800000)]
  0x0000015990ad5f50 JavaThread "Equinox resolver thread - Equinox Container: 12435efc-fba0-4984-8444-0120e4c609e3" daemon [_thread_blocked, id=17788, stack(0x00000034bf800000,0x00000034bf900000)]
  0x0000015990ad7390 JavaThread "Bundle File Closer" daemon [_thread_blocked, id=6696, stack(0x00000034bf100000,0x00000034bf200000)]
  0x0000015990ad5020 JavaThread "SCR Component Actor" daemon [_thread_blocked, id=21552, stack(0x00000034bee00000,0x00000034bef00000)]
  0x0000015990ad78a0 JavaThread "SCR Component Registry" daemon [_thread_blocked, id=6588, stack(0x00000034bfb00000,0x00000034bfc00000)]
  0x0000015991248030 JavaThread "C2 CompilerThread1" daemon [_thread_in_native, id=23652, stack(0x00000034bfc00000,0x00000034bfd00000)]
  0x0000015990ad27a0 JavaThread "Worker-JM" [_thread_blocked, id=7032, stack(0x00000034bfd00000,0x00000034bfe00000)]
  0x0000015990ad7db0 JavaThread "Worker-0" [_thread_blocked, id=21152, stack(0x00000034bfe00000,0x00000034bff00000)]
  0x0000015990ad82c0 JavaThread "Worker-1" [_thread_blocked, id=6564, stack(0x00000034bff00000,0x00000034c0000000)]
=>0x00000159914b1060 JavaThread "C2 CompilerThread2" daemon [_thread_in_native, id=19652, stack(0x00000034c0000000,0x00000034c0100000)]
  0x0000015990ad87d0 JavaThread "Java indexing" daemon [_thread_blocked, id=21580, stack(0x00000034c0100000,0x00000034c0200000)]
  0x0000015990ad36d0 JavaThread "JNA Cleaner" daemon [_thread_blocked, id=2116, stack(0x00000034c0200000,0x00000034c0300000)]
  0x0000015990ad91f0 JavaThread "Worker-2" [_thread_blocked, id=21916, stack(0x00000034c0300000,0x00000034c0400000)]
  0x0000015990ad8ce0 JavaThread "Thread-2" daemon [_thread_in_native, id=24348, stack(0x00000034c0400000,0x00000034c0500000)]
  0x0000015990ad5530 JavaThread "Thread-3" daemon [_thread_in_native, id=13348, stack(0x00000034c0500000,0x00000034c0600000)]
  0x0000015990ad4600 JavaThread "Thread-4" daemon [_thread_in_native, id=6984, stack(0x00000034c0600000,0x00000034c0700000)]
  0x0000015990ad4b10 JavaThread "Thread-5" daemon [_thread_in_native, id=16408, stack(0x00000034c0700000,0x00000034c0800000)]
  0x0000015990ad1d80 JavaThread "Thread-6" daemon [_thread_in_native, id=9940, stack(0x00000034c0800000,0x00000034c0900000)]
  0x0000015990ad2290 JavaThread "Thread-7" daemon [_thread_in_native, id=10396, stack(0x00000034c0900000,0x00000034c0a00000)]
  0x0000015990ad2cb0 JavaThread "Thread-8" daemon [_thread_in_native, id=2436, stack(0x00000034c0a00000,0x00000034c0b00000)]
  0x0000015990ad31c0 JavaThread "Thread-9" daemon [_thread_in_native, id=20716, stack(0x00000034c0b00000,0x00000034c0c00000)]
  0x0000015990ad3be0 JavaThread "Thread-10" daemon [_thread_in_native, id=9660, stack(0x00000034c0c00000,0x00000034c0d00000)]
  0x0000015990ad40f0 JavaThread "Thread-11" daemon [_thread_in_native, id=3304, stack(0x00000034c0d00000,0x00000034c0e00000)]
  0x0000015991b5f720 JavaThread "Thread-12" daemon [_thread_in_native, id=23576, stack(0x00000034c0e00000,0x00000034c0f00000)]
  0x0000015991b61a90 JavaThread "Thread-13" daemon [_thread_in_native, id=24480, stack(0x00000034c0f00000,0x00000034c1000000)]
  0x0000015991b61fa0 JavaThread "Thread-14" daemon [_thread_in_native, id=22712, stack(0x00000034c1000000,0x00000034c1100000)]
  0x0000015991b62ed0 JavaThread "pool-2-thread-1" [_thread_blocked, id=22716, stack(0x00000034c1100000,0x00000034c1200000)]
  0x0000015991b5e2e0 JavaThread "Worker-3" [_thread_blocked, id=4800, stack(0x00000034c1200000,0x00000034c1300000)]
  0x0000015991b5e7f0 JavaThread "WorkspaceEventsHandler" [_thread_blocked, id=15280, stack(0x00000034c1300000,0x00000034c1400000)]
  0x0000015991b61070 JavaThread "pool-1-thread-1" [_thread_in_native, id=20912, stack(0x00000034c1400000,0x00000034c1500000)]
  0x0000015991b60b60 JavaThread "Keep-Alive-Timer" daemon [_thread_blocked, id=14688, stack(0x00000034c1600000,0x00000034c1700000)]

Other Threads:
  0x00000159fa3af350 VMThread "VM Thread" [stack: 0x00000034bd300000,0x00000034bd400000] [id=19592]
  0x000001598fcf4e00 WatcherThread [stack: 0x00000034bdf00000,0x00000034be000000] [id=18468]
  0x00000159f55331d0 GCTaskThread "GC Thread#0" [stack: 0x00000034bd200000,0x00000034bd300000] [id=19616]
  0x00000159900cb810 GCTaskThread "GC Thread#1" [stack: 0x00000034be200000,0x00000034be300000] [id=6540]
  0x000001598fe43f00 GCTaskThread "GC Thread#2" [stack: 0x00000034be300000,0x00000034be400000] [id=24320]
  0x000001598fe441c0 GCTaskThread "GC Thread#3" [stack: 0x00000034be400000,0x00000034be500000] [id=12920]
  0x0000015990245220 GCTaskThread "GC Thread#4" [stack: 0x00000034be500000,0x00000034be600000] [id=23340]
  0x000001598fe44480 GCTaskThread "GC Thread#5" [stack: 0x00000034be600000,0x00000034be700000] [id=22848]
  0x00000159907669b0 GCTaskThread "GC Thread#6" [stack: 0x00000034bef00000,0x00000034bf000000] [id=20400]
  0x0000015990766c70 GCTaskThread "GC Thread#7" [stack: 0x00000034bf000000,0x00000034bf100000] [id=9604]
  0x000001598fcf7260 GCTaskThread "GC Thread#8" [stack: 0x00000034bf900000,0x00000034bfa00000] [id=7232]
  0x0000015990fc6350 GCTaskThread "GC Thread#9" [stack: 0x00000034bfa00000,0x00000034bfb00000] [id=10988]

Threads with active compile tasks:
C2 CompilerThread0    11660 6229 %     4       java.io.WinNTFileSystem::normalize @ 22 (143 bytes)
C2 CompilerThread1    11660 6173   !   4       org.eclipse.osgi.storage.BundleInfo$Generation::getRawHeaders (323 bytes)
C2 CompilerThread2    11660 6208       4       com.google.gson.internal.bind.TypeAdapterRuntimeTypeWrapper::read (9 bytes)

VM state: not at safepoint (normal execution)

VM Mutex/Monitor currently owned by a thread: None

Heap address: 0x00000000c0000000, size: 1024 MB, Compressed Oops mode: 32-bit

CDS archive(s) not mapped
Compressed class space mapped at: 0x0000000100000000-0x0000000140000000, reserved size: 1073741824
Narrow klass base: 0x0000000000000000, Narrow klass shift: 3, Narrow klass range: 0x140000000

GC Precious Log:
 CPUs: 12 total, 12 available
 Memory: 16223M
 Large Page Support: Disabled
 NUMA Support: Disabled
 Compressed Oops: Enabled (32-bit)
 Alignments: Space 512K, Generation 512K, Heap 2M
 Heap Min Capacity: 100M
 Heap Initial Capacity: 100M
 Heap Max Capacity: 1G
 Pre-touch: Disabled
 Parallel Workers: 10

Heap:
 PSYoungGen      total 24064K, used 2418K [0x00000000eab00000, 0x00000000ec580000, 0x0000000100000000)
  eden space 22016K, 2% used [0x00000000eab00000,0x00000000eab7e330,0x00000000ec080000)
  from space 2048K, 93% used [0x00000000ec080000,0x00000000ec25e568,0x00000000ec280000)
  to   space 2560K, 0% used [0x00000000ec300000,0x00000000ec300000,0x00000000ec580000)
 ParOldGen       total 68608K, used 22453K [0x00000000c0000000, 0x00000000c4300000, 0x00000000eab00000)
  object space 68608K, 32% used [0x00000000c0000000,0x00000000c15ed5f8,0x00000000c4300000)
 Metaspace       used 55249K, committed 56256K, reserved 1114112K
  class space    used 6054K, committed 6464K, reserved 1048576K

Card table byte_map: [0x00000159f4ef0000,0x00000159f5100000] _byte_map_base: 0x00000159f48f0000

Marking Bits: (ParMarkBitMap*) 0x00007fffd49158b0
 Begin Bits: [0x00000159f81c0000, 0x00000159f91c0000)
 End Bits:   [0x00000159f91c0000, 0x00000159fa1c0000)

Polling page: 0x00000159f4ce0000

Metaspace:

Usage:
  Non-class:     48.04 MB used.
      Class:      5.91 MB used.
       Both:     53.95 MB used.

Virtual space:
  Non-class space:       64.00 MB reserved,      48.62 MB ( 76%) committed,  1 nodes.
      Class space:        1.00 GB reserved,       6.31 MB ( <1%) committed,  1 nodes.
             Both:        1.06 GB reserved,      54.94 MB (  5%) committed. 

Chunk freelists:
   Non-Class:  14.73 MB
       Class:  9.66 MB
        Both:  24.39 MB

MaxMetaspaceSize: unlimited
CompressedClassSpaceSize: 1.00 GB
Initial GC threshold: 21.00 MB
Current GC threshold: 58.38 MB
CDS: off
MetaspaceReclaimPolicy: balanced
 - commit_granule_bytes: 65536.
 - commit_granule_words: 8192.
 - virtual_space_node_default_size: 8388608.
 - enlarge_chunks_in_place: 1.
 - new_chunks_are_fully_committed: 0.
 - uncommit_free_chunks: 1.
 - use_allocation_guard: 0.
 - handle_deallocations: 1.


Internal statistics:

num_allocs_failed_limit: 6.
num_arena_births: 574.
num_arena_deaths: 14.
num_vsnodes_births: 2.
num_vsnodes_deaths: 0.
num_space_committed: 879.
num_space_uncommitted: 0.
num_chunks_returned_to_freelist: 20.
num_chunks_taken_from_freelist: 2430.
num_chunk_merges: 10.
num_chunk_splits: 1564.
num_chunks_enlarged: 1000.
num_inconsistent_stats: 0.

CodeHeap 'non-profiled nmethods': size=120000Kb used=3205Kb max_used=3205Kb free=116794Kb
 bounds [0x0000015987ad0000, 0x0000015987e00000, 0x000001598f000000]
CodeHeap 'profiled nmethods': size=120000Kb used=10705Kb max_used=10705Kb free=109294Kb
 bounds [0x0000015980000000, 0x0000015980a80000, 0x0000015987530000]
CodeHeap 'non-nmethods': size=5760Kb used=1337Kb max_used=1414Kb free=4422Kb
 bounds [0x0000015987530000, 0x00000159877a0000, 0x0000015987ad0000]
 total_blobs=6097 nmethods=5426 adapters=585
 compilation: enabled
              stopped_count=0, restarted_count=0
 full_count=0

Compilation events (20 events):
Event: 11.588 Thread 0x00000159ff70fe90 nmethod 6226 0x0000015987dec890 code [0x0000015987deca20, 0x0000015987decaf8]
Event: 11.599 Thread 0x00000159ff70fe90 6227   !   3       org.eclipse.osgi.container.ModuleDatabase::getModule (36 bytes)
Event: 11.599 Thread 0x00000159ff70fe90 nmethod 6227 0x0000015980a6dc10 code [0x0000015980a6de60, 0x0000015980a6e988]
Event: 11.599 Thread 0x00000159ff70fe90 6228       3       java.util.Collections$UnmodifiableSet::<init> (6 bytes)
Event: 11.600 Thread 0x00000159ff70fe90 nmethod 6228 0x0000015980a6ee90 code [0x0000015980a6f040, 0x0000015980a6f328]
Event: 11.605 Thread 0x00000159ff70e550 nmethod 6195 0x0000015987decb90 code [0x0000015987dece20, 0x0000015987def7c0]
Event: 11.606 Thread 0x00000159ff70e550 6215       4       com.google.gson.stream.JsonReader::nextString (167 bytes)
Event: 11.608 Thread 0x00000159ff70e550 nmethod 6215 0x0000015987df0e10 code [0x0000015987df0fa0, 0x0000015987df1108]
Event: 11.608 Thread 0x00000159ff70e550 6224       4       org.eclipse.osgi.internal.container.NamespaceList$Builder::prepareModification (43 bytes)
Event: 11.609 Thread 0x00000159ff70e550 nmethod 6224 0x0000015987df1290 code [0x0000015987df1400, 0x0000015987df1498]
Event: 11.611 Thread 0x00000159ff70e550 6229 %     4       java.io.WinNTFileSystem::normalize @ 22 (143 bytes)
Event: 11.613 Thread 0x00000159ff70fe90 6231       3       org.eclipse.osgi.internal.framework.EquinoxEventPublisher::asBundleContexts (2 bytes)
Event: 11.614 Thread 0x00000159ff70fe90 nmethod 6231 0x00000159802af990 code [0x00000159802afb20, 0x00000159802afc18]
Event: 11.614 Thread 0x00000159ff70fe90 6232       3       org.eclipse.osgi.internal.framework.BundleContextImpl::getBundle (9 bytes)
Event: 11.615 Thread 0x00000159ff70fe90 nmethod 6232 0x0000015980a6f490 code [0x0000015980a6f640, 0x0000015980a6f7c8]
Event: 11.615 Thread 0x00000159ff70fe90 6233       3       org.eclipse.core.internal.runtime.Log::isLoggable (32 bytes)
Event: 11.615 Thread 0x00000159ff70fe90 nmethod 6233 0x0000015980a6f890 code [0x0000015980a6fa60, 0x0000015980a6fde8]
Event: 11.626 Thread 0x00000159ff70fe90 6234       3       org.eclipse.osgi.container.builders.OSGiManifestBuilderFactory::convertValue (291 bytes)
Event: 11.629 Thread 0x00000159ff70fe90 nmethod 6234 0x0000015980a6ff10 code [0x0000015980a70500, 0x0000015980a72ee8]
Event: 11.629 Thread 0x00000159ff70fe90 6235       3       aQute.libg.qtokens.QuotedTokenizer::quotedString (152 bytes)

GC Heap History (20 events):
Event: 8.878 GC heap before
{Heap before GC invocations=12 (full 1):
 PSYoungGen      total 24064K, used 23304K [0x00000000eab00000, 0x00000000ec880000, 0x0000000100000000)
  eden space 23040K, 98% used [0x00000000eab00000,0x00000000ec13e7f0,0x00000000ec180000)
  from space 1024K, 51% used [0x00000000ec780000,0x00000000ec803890,0x00000000ec880000)
  to   space 1536K, 0% used [0x00000000ec580000,0x00000000ec580000,0x00000000ec700000)
 ParOldGen       total 68608K, used 15178K [0x00000000c0000000, 0x00000000c4300000, 0x00000000eab00000)
  object space 68608K, 22% used [0x00000000c0000000,0x00000000c0ed2b48,0x00000000c4300000)
 Metaspace       used 35145K, committed 35840K, reserved 1114112K
  class space    used 3424K, committed 3712K, reserved 1048576K
}
Event: 8.880 GC heap after
{Heap after GC invocations=12 (full 1):
 PSYoungGen      total 24576K, used 1428K [0x00000000eab00000, 0x00000000ec800000, 0x0000000100000000)
  eden space 23040K, 0% used [0x00000000eab00000,0x00000000eab00000,0x00000000ec180000)
  from space 1536K, 92% used [0x00000000ec580000,0x00000000ec6e50f0,0x00000000ec700000)
  to   space 1024K, 0% used [0x00000000ec700000,0x00000000ec700000,0x00000000ec800000)
 ParOldGen       total 68608K, used 15524K [0x00000000c0000000, 0x00000000c4300000, 0x00000000eab00000)
  object space 68608K, 22% used [0x00000000c0000000,0x00000000c0f293c0,0x00000000c4300000)
 Metaspace       used 35145K, committed 35840K, reserved 1114112K
  class space    used 3424K, committed 3712K, reserved 1048576K
}
Event: 8.880 GC heap before
{Heap before GC invocations=13 (full 2):
 PSYoungGen      total 24576K, used 1428K [0x00000000eab00000, 0x00000000ec800000, 0x0000000100000000)
  eden space 23040K, 0% used [0x00000000eab00000,0x00000000eab00000,0x00000000ec180000)
  from space 1536K, 92% used [0x00000000ec580000,0x00000000ec6e50f0,0x00000000ec700000)
  to   space 1024K, 0% used [0x00000000ec700000,0x00000000ec700000,0x00000000ec800000)
 ParOldGen       total 68608K, used 15524K [0x00000000c0000000, 0x00000000c4300000, 0x00000000eab00000)
  object space 68608K, 22% used [0x00000000c0000000,0x00000000c0f293c0,0x00000000c4300000)
 Metaspace       used 35145K, committed 35840K, reserved 1114112K
  class space    used 3424K, committed 3712K, reserved 1048576K
}
Event: 8.906 GC heap after
{Heap after GC invocations=13 (full 2):
 PSYoungGen      total 24576K, used 0K [0x00000000eab00000, 0x00000000ec800000, 0x0000000100000000)
  eden space 23040K, 0% used [0x00000000eab00000,0x00000000eab00000,0x00000000ec180000)
  from space 1536K, 0% used [0x00000000ec580000,0x00000000ec580000,0x00000000ec700000)
  to   space 1024K, 0% used [0x00000000ec700000,0x00000000ec700000,0x00000000ec800000)
 ParOldGen       total 68608K, used 15176K [0x00000000c0000000, 0x00000000c4300000, 0x00000000eab00000)
  object space 68608K, 22% used [0x00000000c0000000,0x00000000c0ed21a0,0x00000000c4300000)
 Metaspace       used 35132K, committed 35840K, reserved 1114112K
  class space    used 3420K, committed 3712K, reserved 1048576K
}
Event: 9.251 GC heap before
{Heap before GC invocations=14 (full 2):
 PSYoungGen      total 24576K, used 23040K [0x00000000eab00000, 0x00000000ec800000, 0x0000000100000000)
  eden space 23040K, 100% used [0x00000000eab00000,0x00000000ec180000,0x00000000ec180000)
  from space 1536K, 0% used [0x00000000ec580000,0x00000000ec580000,0x00000000ec700000)
  to   space 1024K, 0% used [0x00000000ec700000,0x00000000ec700000,0x00000000ec800000)
 ParOldGen       total 68608K, used 15176K [0x00000000c0000000, 0x00000000c4300000, 0x00000000eab00000)
  object space 68608K, 22% used [0x00000000c0000000,0x00000000c0ed21a0,0x00000000c4300000)
 Metaspace       used 38299K, committed 39168K, reserved 1114112K
  class space    used 3825K, committed 4160K, reserved 1048576K
}
Event: 9.254 GC heap after
{Heap after GC invocations=14 (full 2):
 PSYoungGen      total 23552K, used 1001K [0x00000000eab00000, 0x00000000ec800000, 0x0000000100000000)
  eden space 22528K, 0% used [0x00000000eab00000,0x00000000eab00000,0x00000000ec100000)
  from space 1024K, 97% used [0x00000000ec700000,0x00000000ec7fa468,0x00000000ec800000)
  to   space 1536K, 0% used [0x00000000ec500000,0x00000000ec500000,0x00000000ec680000)
 ParOldGen       total 68608K, used 15248K [0x00000000c0000000, 0x00000000c4300000, 0x00000000eab00000)
  object space 68608K, 22% used [0x00000000c0000000,0x00000000c0ee41a0,0x00000000c4300000)
 Metaspace       used 38299K, committed 39168K, reserved 1114112K
  class space    used 3825K, committed 4160K, reserved 1048576K
}
Event: 9.449 GC heap before
{Heap before GC invocations=15 (full 2):
 PSYoungGen      total 23552K, used 23528K [0x00000000eab00000, 0x00000000ec800000, 0x0000000100000000)
  eden space 22528K, 99% used [0x00000000eab00000,0x00000000ec0ffbd8,0x00000000ec100000)
  from space 1024K, 97% used [0x00000000ec700000,0x00000000ec7fa468,0x00000000ec800000)
  to   space 1536K, 0% used [0x00000000ec500000,0x00000000ec500000,0x00000000ec680000)
 ParOldGen       total 68608K, used 15248K [0x00000000c0000000, 0x00000000c4300000, 0x00000000eab00000)
  object space 68608K, 22% used [0x00000000c0000000,0x00000000c0ee41a0,0x00000000c4300000)
 Metaspace       used 41162K, committed 41984K, reserved 1114112K
  class space    used 4217K, committed 4544K, reserved 1048576K
}
Event: 9.451 GC heap after
{Heap after GC invocations=15 (full 2):
 PSYoungGen      total 23552K, used 736K [0x00000000eab00000, 0x00000000ec780000, 0x0000000100000000)
  eden space 22016K, 0% used [0x00000000eab00000,0x00000000eab00000,0x00000000ec080000)
  from space 1536K, 47% used [0x00000000ec500000,0x00000000ec5b8000,0x00000000ec680000)
  to   space 1024K, 0% used [0x00000000ec680000,0x00000000ec680000,0x00000000ec780000)
 ParOldGen       total 68608K, used 16175K [0x00000000c0000000, 0x00000000c4300000, 0x00000000eab00000)
  object space 68608K, 23% used [0x00000000c0000000,0x00000000c0fcbd58,0x00000000c4300000)
 Metaspace       used 41162K, committed 41984K, reserved 1114112K
  class space    used 4217K, committed 4544K, reserved 1048576K
}
Event: 9.666 GC heap before
{Heap before GC invocations=16 (full 2):
 PSYoungGen      total 23552K, used 22745K [0x00000000eab00000, 0x00000000ec780000, 0x0000000100000000)
  eden space 22016K, 99% used [0x00000000eab00000,0x00000000ec07e7c0,0x00000000ec080000)
  from space 1536K, 47% used [0x00000000ec500000,0x00000000ec5b8000,0x00000000ec680000)
  to   space 1024K, 0% used [0x00000000ec680000,0x00000000ec680000,0x00000000ec780000)
 ParOldGen       total 68608K, used 16175K [0x00000000c0000000, 0x00000000c4300000, 0x00000000eab00000)
  object space 68608K, 23% used [0x00000000c0000000,0x00000000c0fcbd58,0x00000000c4300000)
 Metaspace       used 42822K, committed 43776K, reserved 1114112K
  class space    used 4443K, committed 4800K, reserved 1048576K
}
Event: 9.667 GC heap after
{Heap after GC invocations=16 (full 2):
 PSYoungGen      total 23040K, used 864K [0x00000000eab00000, 0x00000000ec780000, 0x0000000100000000)
  eden space 22016K, 0% used [0x00000000eab00000,0x00000000eab00000,0x00000000ec080000)
  from space 1024K, 84% used [0x00000000ec680000,0x00000000ec758000,0x00000000ec780000)
  to   space 1024K, 0% used [0x00000000ec580000,0x00000000ec580000,0x00000000ec680000)
 ParOldGen       total 68608K, used 16759K [0x00000000c0000000, 0x00000000c4300000, 0x00000000eab00000)
  object space 68608K, 24% used [0x00000000c0000000,0x00000000c105dd68,0x00000000c4300000)
 Metaspace       used 42822K, committed 43776K, reserved 1114112K
  class space    used 4443K, committed 4800K, reserved 1048576K
}
Event: 9.943 GC heap before
{Heap before GC invocations=17 (full 2):
 PSYoungGen      total 23040K, used 22880K [0x00000000eab00000, 0x00000000ec780000, 0x0000000100000000)
  eden space 22016K, 100% used [0x00000000eab00000,0x00000000ec080000,0x00000000ec080000)
  from space 1024K, 84% used [0x00000000ec680000,0x00000000ec758000,0x00000000ec780000)
  to   space 1024K, 0% used [0x00000000ec580000,0x00000000ec580000,0x00000000ec680000)
 ParOldGen       total 68608K, used 16759K [0x00000000c0000000, 0x00000000c4300000, 0x00000000eab00000)
  object space 68608K, 24% used [0x00000000c0000000,0x00000000c105dd68,0x00000000c4300000)
 Metaspace       used 44864K, committed 45760K, reserved 1114112K
  class space    used 4707K, committed 5056K, reserved 1048576K
}
Event: 9.944 GC heap after
{Heap after GC invocations=17 (full 2):
 PSYoungGen      total 23040K, used 608K [0x00000000eab00000, 0x00000000ec700000, 0x0000000100000000)
  eden space 22016K, 0% used [0x00000000eab00000,0x00000000eab00000,0x00000000ec080000)
  from space 1024K, 59% used [0x00000000ec580000,0x00000000ec618000,0x00000000ec680000)
  to   space 512K, 0% used [0x00000000ec680000,0x00000000ec680000,0x00000000ec700000)
 ParOldGen       total 68608K, used 17455K [0x00000000c0000000, 0x00000000c4300000, 0x00000000eab00000)
  object space 68608K, 25% used [0x00000000c0000000,0x00000000c110bd68,0x00000000c4300000)
 Metaspace       used 44864K, committed 45760K, reserved 1114112K
  class space    used 4707K, committed 5056K, reserved 1048576K
}
Event: 10.207 GC heap before
{Heap before GC invocations=18 (full 2):
 PSYoungGen      total 23040K, used 22624K [0x00000000eab00000, 0x00000000ec700000, 0x0000000100000000)
  eden space 22016K, 100% used [0x00000000eab00000,0x00000000ec080000,0x00000000ec080000)
  from space 1024K, 59% used [0x00000000ec580000,0x00000000ec618000,0x00000000ec680000)
  to   space 512K, 0% used [0x00000000ec680000,0x00000000ec680000,0x00000000ec700000)
 ParOldGen       total 68608K, used 17455K [0x00000000c0000000, 0x00000000c4300000, 0x00000000eab00000)
  object space 68608K, 25% used [0x00000000c0000000,0x00000000c110bd68,0x00000000c4300000)
 Metaspace       used 47354K, committed 48320K, reserved 1114112K
  class space    used 5027K, committed 5440K, reserved 1048576K
}
Event: 10.209 GC heap after
{Heap after GC invocations=18 (full 2):
 PSYoungGen      total 22528K, used 512K [0x00000000eab00000, 0x00000000ec700000, 0x0000000100000000)
  eden space 22016K, 0% used [0x00000000eab00000,0x00000000eab00000,0x00000000ec080000)
  from space 512K, 100% used [0x00000000ec680000,0x00000000ec700000,0x00000000ec700000)
  to   space 2048K, 0% used [0x00000000ec300000,0x00000000ec300000,0x00000000ec500000)
 ParOldGen       total 68608K, used 18647K [0x00000000c0000000, 0x00000000c4300000, 0x00000000eab00000)
  object space 68608K, 27% used [0x00000000c0000000,0x00000000c1235d68,0x00000000c4300000)
 Metaspace       used 47354K, committed 48320K, reserved 1114112K
  class space    used 5027K, committed 5440K, reserved 1048576K
}
Event: 10.569 GC heap before
{Heap before GC invocations=19 (full 2):
 PSYoungGen      total 22528K, used 22528K [0x00000000eab00000, 0x00000000ec700000, 0x0000000100000000)
  eden space 22016K, 100% used [0x00000000eab00000,0x00000000ec080000,0x00000000ec080000)
  from space 512K, 100% used [0x00000000ec680000,0x00000000ec700000,0x00000000ec700000)
  to   space 2048K, 0% used [0x00000000ec300000,0x00000000ec300000,0x00000000ec500000)
 ParOldGen       total 68608K, used 18647K [0x00000000c0000000, 0x00000000c4300000, 0x00000000eab00000)
  object space 68608K, 27% used [0x00000000c0000000,0x00000000c1235d68,0x00000000c4300000)
 Metaspace       used 49992K, committed 50944K, reserved 1114112K
  class space    used 5381K, committed 5760K, reserved 1048576K
}
Event: 10.572 GC heap after
{Heap after GC invocations=19 (full 2):
 PSYoungGen      total 24064K, used 1517K [0x00000000eab00000, 0x00000000ec700000, 0x0000000100000000)
  eden space 22016K, 0% used [0x00000000eab00000,0x00000000eab00000,0x00000000ec080000)
  from space 2048K, 74% used [0x00000000ec300000,0x00000000ec47b6d0,0x00000000ec500000)
  to   space 2048K, 0% used [0x00000000ec500000,0x00000000ec500000,0x00000000ec700000)
 ParOldGen       total 68608K, used 19159K [0x00000000c0000000, 0x00000000c4300000, 0x00000000eab00000)
  object space 68608K, 27% used [0x00000000c0000000,0x00000000c12b5d68,0x00000000c4300000)
 Metaspace       used 49992K, committed 50944K, reserved 1114112K
  class space    used 5381K, committed 5760K, reserved 1048576K
}
Event: 10.897 GC heap before
{Heap before GC invocations=20 (full 2):
 PSYoungGen      total 24064K, used 23424K [0x00000000eab00000, 0x00000000ec700000, 0x0000000100000000)
  eden space 22016K, 99% used [0x00000000eab00000,0x00000000ec064cf8,0x00000000ec080000)
  from space 2048K, 74% used [0x00000000ec300000,0x00000000ec47b6d0,0x00000000ec500000)
  to   space 2048K, 0% used [0x00000000ec500000,0x00000000ec500000,0x00000000ec700000)
 ParOldGen       total 68608K, used 19159K [0x00000000c0000000, 0x00000000c4300000, 0x00000000eab00000)
  object space 68608K, 27% used [0x00000000c0000000,0x00000000c12b5d68,0x00000000c4300000)
 Metaspace       used 52977K, committed 53952K, reserved 1114112K
  class space    used 5748K, committed 6144K, reserved 1048576K
}
Event: 10.900 GC heap after
{Heap after GC invocations=20 (full 2):
 PSYoungGen      total 24064K, used 2036K [0x00000000eab00000, 0x00000000ec880000, 0x0000000100000000)
  eden space 22016K, 0% used [0x00000000eab00000,0x00000000eab00000,0x00000000ec080000)
  from space 2048K, 99% used [0x00000000ec500000,0x00000000ec6fd060,0x00000000ec700000)
  to   space 4096K, 0% used [0x00000000ec080000,0x00000000ec080000,0x00000000ec480000)
 ParOldGen       total 68608K, used 20655K [0x00000000c0000000, 0x00000000c4300000, 0x00000000eab00000)
  object space 68608K, 30% used [0x00000000c0000000,0x00000000c142bcc0,0x00000000c4300000)
 Metaspace       used 52977K, committed 53952K, reserved 1114112K
  class space    used 5748K, committed 6144K, reserved 1048576K
}
Event: 11.611 GC heap before
{Heap before GC invocations=21 (full 2):
 PSYoungGen      total 24064K, used 24052K [0x00000000eab00000, 0x00000000ec880000, 0x0000000100000000)
  eden space 22016K, 100% used [0x00000000eab00000,0x00000000ec080000,0x00000000ec080000)
  from space 2048K, 99% used [0x00000000ec500000,0x00000000ec6fd060,0x00000000ec700000)
  to   space 4096K, 0% used [0x00000000ec080000,0x00000000ec080000,0x00000000ec480000)
 ParOldGen       total 68608K, used 20655K [0x00000000c0000000, 0x00000000c4300000, 0x00000000eab00000)
  object space 68608K, 30% used [0x00000000c0000000,0x00000000c142bcc0,0x00000000c4300000)
 Metaspace       used 55247K, committed 56256K, reserved 1114112K
  class space    used 6054K, committed 6464K, reserved 1048576K
}
Event: 11.613 GC heap after
{Heap after GC invocations=21 (full 2):
 PSYoungGen      total 24064K, used 1913K [0x00000000eab00000, 0x00000000ec580000, 0x0000000100000000)
  eden space 22016K, 0% used [0x00000000eab00000,0x00000000eab00000,0x00000000ec080000)
  from space 2048K, 93% used [0x00000000ec080000,0x00000000ec25e568,0x00000000ec280000)
  to   space 2560K, 0% used [0x00000000ec300000,0x00000000ec300000,0x00000000ec580000)
 ParOldGen       total 68608K, used 22453K [0x00000000c0000000, 0x00000000c4300000, 0x00000000eab00000)
  object space 68608K, 32% used [0x00000000c0000000,0x00000000c15ed5f8,0x00000000c4300000)
 Metaspace       used 55247K, committed 56256K, reserved 1114112K
  class space    used 6054K, committed 6464K, reserved 1048576K
}

Dll operation events (14 events):
Event: 0.041 Loaded shared library c:\Users\razva\.vscode\extensions\redhat.java-1.35.1-win32-x64\jre\17.0.12-win32-x86_64\bin\java.dll
Event: 0.191 Loaded shared library c:\Users\razva\.vscode\extensions\redhat.java-1.35.1-win32-x64\jre\17.0.12-win32-x86_64\bin\zip.dll
Event: 0.195 Loaded shared library C:\Users\razva\.vscode\extensions\redhat.java-1.35.1-win32-x64\jre\17.0.12-win32-x86_64\bin\instrument.dll
Event: 0.212 Loaded shared library C:\Users\razva\.vscode\extensions\redhat.java-1.35.1-win32-x64\jre\17.0.12-win32-x86_64\bin\net.dll
Event: 0.219 Loaded shared library C:\Users\razva\.vscode\extensions\redhat.java-1.35.1-win32-x64\jre\17.0.12-win32-x86_64\bin\nio.dll
Event: 0.225 Loaded shared library C:\Users\razva\.vscode\extensions\redhat.java-1.35.1-win32-x64\jre\17.0.12-win32-x86_64\bin\zip.dll
Event: 0.239 Loaded shared library C:\Users\razva\.vscode\extensions\redhat.java-1.35.1-win32-x64\jre\17.0.12-win32-x86_64\bin\jimage.dll
Event: 0.299 Loaded shared library c:\Users\razva\.vscode\extensions\redhat.java-1.35.1-win32-x64\jre\17.0.12-win32-x86_64\bin\verify.dll
Event: 3.546 Loaded shared library C:\Users\razva\AppData\Roaming\Code\User\globalStorage\redhat.java\1.35.1\config_win\org.eclipse.equinox.launcher\org.eclipse.equinox.launcher.win32.win32.x86_64_1.2.1100.v20240722-2106\eclipse_11904.dll
Event: 7.694 Loaded shared library C:\Users\razva\.vscode\extensions\redhat.java-1.35.1-win32-x64\jre\17.0.12-win32-x86_64\bin\management.dll
Event: 7.697 Loaded shared library C:\Users\razva\.vscode\extensions\redhat.java-1.35.1-win32-x64\jre\17.0.12-win32-x86_64\bin\management_ext.dll
Event: 8.994 Loaded shared library C:\Users\razva\AppData\Local\Temp\jna-108292118\jna18199389174128709551.dll
Event: 10.738 Loaded shared library C:\Users\razva\.vscode\extensions\redhat.java-1.35.1-win32-x64\jre\17.0.12-win32-x86_64\bin\sunmscapi.dll
Event: 10.824 Loaded shared library C:\Users\razva\.vscode\extensions\redhat.java-1.35.1-win32-x64\jre\17.0.12-win32-x86_64\bin\extnet.dll

Deoptimization events (20 events):
Event: 11.392 Thread 0x0000015991b5e2e0 DEOPT PACKING pc=0x0000015980a34c71 sp=0x00000034c12fe1f0
Event: 11.392 Thread 0x0000015991b5e2e0 DEOPT UNPACKING pc=0x0000015987586e43 sp=0x00000034c12fd620 mode 0
Event: 11.392 Thread 0x0000015991b5e2e0 DEOPT PACKING pc=0x0000015980a34c71 sp=0x00000034c12fe1f0
Event: 11.392 Thread 0x0000015991b5e2e0 DEOPT UNPACKING pc=0x0000015987586e43 sp=0x00000034c12fd620 mode 0
Event: 11.392 Thread 0x0000015991b5e2e0 DEOPT PACKING pc=0x0000015980a34c71 sp=0x00000034c12fe1f0
Event: 11.392 Thread 0x0000015991b5e2e0 DEOPT UNPACKING pc=0x0000015987586e43 sp=0x00000034c12fd620 mode 0
Event: 11.392 Thread 0x0000015991b5e2e0 DEOPT PACKING pc=0x0000015980a34c71 sp=0x00000034c12fe1f0
Event: 11.392 Thread 0x0000015991b5e2e0 DEOPT UNPACKING pc=0x0000015987586e43 sp=0x00000034c12fd620 mode 0
Event: 11.392 Thread 0x0000015991b5e2e0 DEOPT PACKING pc=0x0000015980a34c71 sp=0x00000034c12fe1f0
Event: 11.392 Thread 0x0000015991b5e2e0 DEOPT UNPACKING pc=0x0000015987586e43 sp=0x00000034c12fd620 mode 0
Event: 11.452 Thread 0x0000015991b5e2e0 DEOPT PACKING pc=0x0000015980a3c7ba sp=0x00000034c12fe250
Event: 11.452 Thread 0x0000015991b5e2e0 DEOPT UNPACKING pc=0x0000015987586e43 sp=0x00000034c12fd740 mode 0
Event: 11.453 Thread 0x0000015991b5e2e0 DEOPT PACKING pc=0x0000015980a3c7ba sp=0x00000034c12fe250
Event: 11.453 Thread 0x0000015991b5e2e0 DEOPT UNPACKING pc=0x0000015987586e43 sp=0x00000034c12fd740 mode 0
Event: 11.453 Thread 0x0000015991b5e2e0 DEOPT PACKING pc=0x0000015980a3c7ba sp=0x00000034c12fe250
Event: 11.453 Thread 0x0000015991b5e2e0 DEOPT UNPACKING pc=0x0000015987586e43 sp=0x00000034c12fd740 mode 0
Event: 11.571 Thread 0x0000015991b61070 Uncommon trap: trap_request=0xffffff45 fr.pc=0x0000015987ce95f0 relative=0x0000000000003330
Event: 11.571 Thread 0x0000015991b61070 Uncommon trap: reason=unstable_if action=reinterpret pc=0x0000015987ce95f0 method=java.util.zip.ZipFile$Source.isManifestName(II)Z @ 36 c2
Event: 11.571 Thread 0x0000015991b61070 DEOPT PACKING pc=0x0000015987ce95f0 sp=0x00000034c14fdbb0
Event: 11.571 Thread 0x0000015991b61070 DEOPT UNPACKING pc=0x00000159875866a3 sp=0x00000034c14fdb28 mode 2

Classes loaded (20 events):
Event: 11.367 Loading class sun/net/www/http/KeepAliveStream
Event: 11.367 Loading class sun/net/www/http/Hurryable
Event: 11.367 Loading class sun/net/www/http/Hurryable done
Event: 11.367 Loading class sun/net/www/MeteredStream
Event: 11.367 Loading class sun/net/www/MeteredStream done
Event: 11.368 Loading class sun/net/www/http/KeepAliveStream done
Event: 11.368 Loading class sun/net/www/http/KeepAliveStreamCleaner
Event: 11.368 Loading class sun/net/www/http/KeepAliveStreamCleaner done
Event: 11.369 Loading class sun/net/www/http/KeepAliveStreamCleaner$1
Event: 11.370 Loading class sun/net/www/http/KeepAliveStreamCleaner$1 done
Event: 11.370 Loading class sun/net/www/http/KeepAliveStreamCleaner$2
Event: 11.370 Loading class sun/net/www/http/KeepAliveStreamCleaner$2 done
Event: 11.370 Loading class sun/net/www/protocol/http/HttpURLConnection$HttpInputStream
Event: 11.370 Loading class sun/net/www/protocol/http/HttpURLConnection$HttpInputStream done
Event: 11.523 Loading class sun/net/www/http/KeepAliveCache$1
Event: 11.523 Loading class sun/net/www/http/KeepAliveCache$1 done
Event: 11.523 Loading class sun/net/www/http/ClientVector
Event: 11.523 Loading class sun/net/www/http/ClientVector done
Event: 11.524 Loading class sun/net/www/http/KeepAliveEntry
Event: 11.524 Loading class sun/net/www/http/KeepAliveEntry done

Classes unloaded (7 events):
Event: 8.883 Thread 0x00000159fa3af350 Unloading class 0x0000000100282000 'java/lang/invoke/LambdaForm$MH+0x0000000100282000'
Event: 8.883 Thread 0x00000159fa3af350 Unloading class 0x0000000100281c00 'java/lang/invoke/LambdaForm$MH+0x0000000100281c00'
Event: 8.883 Thread 0x00000159fa3af350 Unloading class 0x0000000100281800 'java/lang/invoke/LambdaForm$MH+0x0000000100281800'
Event: 8.883 Thread 0x00000159fa3af350 Unloading class 0x0000000100281400 'java/lang/invoke/LambdaForm$MH+0x0000000100281400'
Event: 8.883 Thread 0x00000159fa3af350 Unloading class 0x0000000100281000 'java/lang/invoke/LambdaForm$BMH+0x0000000100281000'
Event: 8.883 Thread 0x00000159fa3af350 Unloading class 0x0000000100280c00 'java/lang/invoke/LambdaForm$DMH+0x0000000100280c00'
Event: 8.883 Thread 0x00000159fa3af350 Unloading class 0x000000010023c400 'java/lang/invoke/LambdaForm$DMH+0x000000010023c400'

Classes redefined (0 events):
No events

Internal exceptions (20 events):
Event: 11.107 Thread 0x0000015991b61070 Exception <a 'sun/nio/fs/WindowsException'{0x00000000eb6f9808}> (0x00000000eb6f9808) 
thrown [s\src\hotspot\share\prims\jni.cpp, line 516]
Event: 11.107 Thread 0x0000015991b61070 Exception <a 'sun/nio/fs/WindowsException'{0x00000000eb6fa798}> (0x00000000eb6fa798) 
thrown [s\src\hotspot\share\prims\jni.cpp, line 516]
Event: 11.107 Thread 0x0000015991b61070 Exception <a 'sun/nio/fs/WindowsException'{0x00000000eb6fb078}> (0x00000000eb6fb078) 
thrown [s\src\hotspot\share\prims\jni.cpp, line 516]
Event: 11.108 Thread 0x0000015991b61070 Exception <a 'sun/nio/fs/WindowsException'{0x00000000eb6fce10}> (0x00000000eb6fce10) 
thrown [s\src\hotspot\share\prims\jni.cpp, line 516]
Event: 11.108 Thread 0x0000015991b61070 Exception <a 'sun/nio/fs/WindowsException'{0x00000000eb7090c8}> (0x00000000eb7090c8) 
thrown [s\src\hotspot\share\prims\jni.cpp, line 516]
Event: 11.108 Thread 0x0000015991b61070 Exception <a 'sun/nio/fs/WindowsException'{0x00000000eb709690}> (0x00000000eb709690) 
thrown [s\src\hotspot\share\prims\jni.cpp, line 516]
Event: 11.110 Thread 0x0000015991b61070 Exception <a 'sun/nio/fs/WindowsException'{0x00000000eb714930}> (0x00000000eb714930) 
thrown [s\src\hotspot\share\prims\jni.cpp, line 516]
Event: 11.111 Thread 0x0000015991b61070 Exception <a 'sun/nio/fs/WindowsException'{0x00000000eb715230}> (0x00000000eb715230) 
thrown [s\src\hotspot\share\prims\jni.cpp, line 516]
Event: 11.112 Thread 0x0000015991b61070 Exception <a 'sun/nio/fs/WindowsException'{0x00000000eb74ec40}> (0x00000000eb74ec40) 
thrown [s\src\hotspot\share\prims\jni.cpp, line 516]
Event: 11.116 Thread 0x0000015990ad82c0 Exception <a 'sun/nio/fs/WindowsException'{0x00000000eb77eab0}> (0x00000000eb77eab0) 
thrown [s\src\hotspot\share\prims\jni.cpp, line 516]
Event: 11.124 Thread 0x0000015991b61070 Exception <a 'sun/nio/fs/WindowsException'{0x00000000eb861e98}> (0x00000000eb861e98) 
thrown [s\src\hotspot\share\prims\jni.cpp, line 516]
Event: 11.124 Thread 0x0000015991b61070 Exception <a 'sun/nio/fs/WindowsException'{0x00000000eb862c48}> (0x00000000eb862c48) 
thrown [s\src\hotspot\share\prims\jni.cpp, line 516]
Event: 11.124 Thread 0x0000015991b61070 Exception <a 'sun/nio/fs/WindowsException'{0x00000000eb863b88}> (0x00000000eb863b88) 
thrown [s\src\hotspot\share\prims\jni.cpp, line 516]
Event: 11.124 Thread 0x0000015991b61070 Exception <a 'sun/nio/fs/WindowsException'{0x00000000eb864488}> (0x00000000eb864488) 
thrown [s\src\hotspot\share\prims\jni.cpp, line 516]
Event: 11.125 Thread 0x0000015991b61070 Exception <a 'sun/nio/fs/WindowsException'{0x00000000eb865170}> (0x00000000eb865170) 
thrown [s\src\hotspot\share\prims\jni.cpp, line 516]
Event: 11.125 Thread 0x0000015991b61070 Exception <a 'sun/nio/fs/WindowsException'{0x00000000eb865a50}> (0x00000000eb865a50) 
thrown [s\src\hotspot\share\prims\jni.cpp, line 516]
Event: 11.128 Thread 0x0000015991b61070 Exception <a 'sun/nio/fs/WindowsException'{0x00000000eb883250}> (0x00000000eb883250) 
thrown [s\src\hotspot\share\prims\jni.cpp, line 516]
Event: 11.129 Thread 0x0000015990ad82c0 Exception <a 'sun/nio/fs/WindowsException'{0x00000000eb881670}> (0x00000000eb881670) 
thrown [s\src\hotspot\share\prims\jni.cpp, line 516]
Event: 11.149 Thread 0x0000015990ad82c0 Exception <a 'sun/nio/fs/WindowsException'{0x00000000eb9e1df8}> (0x00000000eb9e1df8) 
thrown [s\src\hotspot\share\prims\jni.cpp, line 516]
Event: 11.536 Thread 0x0000015991b5e2e0 Exception <a 'java/lang/NoSuchMethodError'{0x00000000ebe3ddf8}: 'void java.lang.invoke.DirectMethodHandle$Holder.invokeStaticInit(java.lang.Object, java.lang.Object, java.lang.Object, java.lang.Object)'> (0x00000000ebe3ddf8) 
thrown [s\src\hotspot\share\interpreter\linkResolver.cpp, line 759]

VM Operations (20 events):
Event: 10.569 Executing VM operation: ParallelGCFailedAllocation
Event: 10.572 Executing VM operation: ParallelGCFailedAllocation done
Event: 10.578 Executing VM operation: HandshakeAllThreads
Event: 10.578 Executing VM operation: HandshakeAllThreads done
Event: 10.685 Executing VM operation: HandshakeAllThreads
Event: 10.686 Executing VM operation: HandshakeAllThreads done
Event: 10.760 Executing VM operation: HandshakeAllThreads
Event: 10.760 Executing VM operation: HandshakeAllThreads done
Event: 10.897 Executing VM operation: ParallelGCFailedAllocation
Event: 10.900 Executing VM operation: ParallelGCFailedAllocation done
Event: 10.908 Executing VM operation: HandshakeAllThreads
Event: 10.908 Executing VM operation: HandshakeAllThreads done
Event: 11.368 Executing VM operation: HandshakeAllThreads
Event: 11.368 Executing VM operation: HandshakeAllThreads done
Event: 11.369 Executing VM operation: HandshakeAllThreads
Event: 11.369 Executing VM operation: HandshakeAllThreads done
Event: 11.524 Executing VM operation: HandshakeAllThreads
Event: 11.524 Executing VM operation: HandshakeAllThreads done
Event: 11.611 Executing VM operation: ParallelGCFailedAllocation
Event: 11.613 Executing VM operation: ParallelGCFailedAllocation done

Events (20 events):
Event: 9.904 Thread 0x00000159ff711030 flushing nmethod 0x00000159809c8190
Event: 10.699 Thread 0x0000015991b60b60 Thread added: 0x0000015991b60b60
Event: 10.699 Thread 0x0000015991b5ddd0 Thread added: 0x0000015991b5ddd0
Event: 10.699 Thread 0x0000015991b60140 Thread added: 0x0000015991b60140
Event: 10.701 Thread 0x0000015991b624b0 Thread added: 0x0000015991b624b0
Event: 10.826 Thread 0x0000015991b60b60 Thread exited: 0x0000015991b60b60
Event: 10.826 Thread 0x0000015991b5ddd0 Thread exited: 0x0000015991b5ddd0
Event: 10.830 Thread 0x0000015991b624b0 Thread exited: 0x0000015991b624b0
Event: 10.830 Thread 0x0000015991b60140 Thread exited: 0x0000015991b60140
Event: 10.876 Thread 0x0000015991b60140 Thread added: 0x0000015991b60140
Event: 10.877 Thread 0x0000015991b5d8c0 Thread added: 0x0000015991b5d8c0
Event: 10.877 Thread 0x0000015991b624b0 Thread added: 0x0000015991b624b0
Event: 10.877 Thread 0x0000015991b5f210 Thread added: 0x0000015991b5f210
Event: 11.003 Thread 0x0000015991b5d8c0 Thread exited: 0x0000015991b5d8c0
Event: 11.003 Thread 0x0000015991b60140 Thread exited: 0x0000015991b60140
Event: 11.006 Thread 0x0000015991b5f210 Thread exited: 0x0000015991b5f210
Event: 11.006 Thread 0x0000015991b624b0 Thread exited: 0x0000015991b624b0
Event: 11.222 Thread 0x0000015991b629c0 Thread added: 0x0000015991b629c0
Event: 11.222 Thread 0x0000015991b629c0 Thread exited: 0x0000015991b629c0
Event: 11.523 Thread 0x0000015991b60b60 Thread added: 0x0000015991b60b60


Dynamic libraries:
0x00007ff787ac0000 - 0x00007ff787ace000 	c:\Users\razva\.vscode\extensions\redhat.java-1.35.1-win32-x64\jre\17.0.12-win32-x86_64\bin\java.exe
0x00007ff850510000 - 0x00007ff850708000 	C:\WINDOWS\SYSTEM32\ntdll.dll
0x00007ff84e780000 - 0x00007ff84e842000 	C:\WINDOWS\System32\KERNEL32.DLL
0x00007ff84dea0000 - 0x00007ff84e19e000 	C:\WINDOWS\System32\KERNELBASE.dll
0x00007ff84e2d0000 - 0x00007ff84e3d0000 	C:\WINDOWS\System32\ucrtbase.dll
0x00007ff830350000 - 0x00007ff830367000 	c:\Users\razva\.vscode\extensions\redhat.java-1.35.1-win32-x64\jre\17.0.12-win32-x86_64\bin\jli.dll
0x00007ff8442d0000 - 0x00007ff8442eb000 	c:\Users\razva\.vscode\extensions\redhat.java-1.35.1-win32-x64\jre\17.0.12-win32-x86_64\bin\VCRUNTIME140.dll
0x00007ff84ecf0000 - 0x00007ff84ee8d000 	C:\WINDOWS\System32\USER32.dll
0x00007ff84e500000 - 0x00007ff84e522000 	C:\WINDOWS\System32\win32u.dll
0x00007ff84e530000 - 0x00007ff84e55b000 	C:\WINDOWS\System32\GDI32.dll
0x00007ff82e810000 - 0x00007ff82eaaa000 	C:\WINDOWS\WinSxS\amd64_microsoft.windows.common-controls_6595b64144ccf1df_6.0.19041.4355_none_60b8b9eb71f62e16\COMCTL32.dll
0x00007ff84dc20000 - 0x00007ff84dd37000 	C:\WINDOWS\System32\gdi32full.dll
0x00007ff84f5e0000 - 0x00007ff84f67e000 	C:\WINDOWS\System32\msvcrt.dll
0x00007ff84e230000 - 0x00007ff84e2cd000 	C:\WINDOWS\System32\msvcp_win.dll
0x00007ff84f050000 - 0x00007ff84f07f000 	C:\WINDOWS\System32\IMM32.DLL
0x00007ff83d2a0000 - 0x00007ff83d2ac000 	c:\Users\razva\.vscode\extensions\redhat.java-1.35.1-win32-x64\jre\17.0.12-win32-x86_64\bin\vcruntime140_1.dll
0x00007ff817110000 - 0x00007ff81719d000 	c:\Users\razva\.vscode\extensions\redhat.java-1.35.1-win32-x64\jre\17.0.12-win32-x86_64\bin\msvcp140.dll
0x00007fffd3d70000 - 0x00007fffd49da000 	c:\Users\razva\.vscode\extensions\redhat.java-1.35.1-win32-x64\jre\17.0.12-win32-x86_64\bin\server\jvm.dll
0x00007ff84e9b0000 - 0x00007ff84ea62000 	C:\WINDOWS\System32\ADVAPI32.dll
0x00007ff84e680000 - 0x00007ff84e720000 	C:\WINDOWS\System32\sechost.dll
0x00007ff84ee90000 - 0x00007ff84efb3000 	C:\WINDOWS\System32\RPCRT4.dll
0x00007ff84e3d0000 - 0x00007ff84e3f7000 	C:\WINDOWS\System32\bcrypt.dll
0x00007ff84f680000 - 0x00007ff84f6eb000 	C:\WINDOWS\System32\WS2_32.dll
0x00007ff84d100000 - 0x00007ff84d14b000 	C:\WINDOWS\SYSTEM32\POWRPROF.dll
0x00007ff83d8f0000 - 0x00007ff83d917000 	C:\WINDOWS\SYSTEM32\WINMM.dll
0x00007ff849560000 - 0x00007ff84956a000 	C:\WINDOWS\SYSTEM32\VERSION.dll
0x00007ff84cf70000 - 0x00007ff84cf82000 	C:\WINDOWS\SYSTEM32\UMPDC.dll
0x00007ff84bbd0000 - 0x00007ff84bbe2000 	C:\WINDOWS\SYSTEM32\kernel.appcore.dll
0x00007ff8301e0000 - 0x00007ff8301ea000 	c:\Users\razva\.vscode\extensions\redhat.java-1.35.1-win32-x64\jre\17.0.12-win32-x86_64\bin\jimage.dll
0x00007ff84b720000 - 0x00007ff84b904000 	C:\WINDOWS\SYSTEM32\DBGHELP.DLL
0x00007ff83da80000 - 0x00007ff83dab4000 	C:\WINDOWS\SYSTEM32\dbgcore.DLL
0x00007ff84e1a0000 - 0x00007ff84e222000 	C:\WINDOWS\System32\bcryptPrimitives.dll
0x00007ff8301d0000 - 0x00007ff8301de000 	c:\Users\razva\.vscode\extensions\redhat.java-1.35.1-win32-x64\jre\17.0.12-win32-x86_64\bin\instrument.dll
0x00007ff81c760000 - 0x00007ff81c785000 	c:\Users\razva\.vscode\extensions\redhat.java-1.35.1-win32-x64\jre\17.0.12-win32-x86_64\bin\java.dll
0x00007ff82cef0000 - 0x00007ff82cf08000 	c:\Users\razva\.vscode\extensions\redhat.java-1.35.1-win32-x64\jre\17.0.12-win32-x86_64\bin\zip.dll
0x00007ff84fc90000 - 0x00007ff8503ff000 	C:\WINDOWS\System32\SHELL32.dll
0x00007ff84bbf0000 - 0x00007ff84c394000 	C:\WINDOWS\SYSTEM32\windows.storage.dll
0x00007ff84f080000 - 0x00007ff84f3d3000 	C:\WINDOWS\System32\combase.dll
0x00007ff84d5e0000 - 0x00007ff84d60e000 	C:\WINDOWS\SYSTEM32\Wldp.dll
0x00007ff850400000 - 0x00007ff8504cd000 	C:\WINDOWS\System32\OLEAUT32.dll
0x00007ff84f3e0000 - 0x00007ff84f48d000 	C:\WINDOWS\System32\SHCORE.dll
0x00007ff84ec90000 - 0x00007ff84ece5000 	C:\WINDOWS\System32\shlwapi.dll
0x00007ff84dae0000 - 0x00007ff84db04000 	C:\WINDOWS\SYSTEM32\profapi.dll
0x00007ff824990000 - 0x00007ff8249a9000 	C:\Users\razva\.vscode\extensions\redhat.java-1.35.1-win32-x64\jre\17.0.12-win32-x86_64\bin\net.dll
0x00007ff845600000 - 0x00007ff84570d000 	C:\WINDOWS\SYSTEM32\WINHTTP.dll
0x00007ff84d2f0000 - 0x00007ff84d35a000 	C:\WINDOWS\system32\mswsock.dll
0x00007ff8229d0000 - 0x00007ff8229e6000 	C:\Users\razva\.vscode\extensions\redhat.java-1.35.1-win32-x64\jre\17.0.12-win32-x86_64\bin\nio.dll
0x00007ff82c060000 - 0x00007ff82c070000 	c:\Users\razva\.vscode\extensions\redhat.java-1.35.1-win32-x64\jre\17.0.12-win32-x86_64\bin\verify.dll
0x00007ff816980000 - 0x00007ff8169c5000 	C:\Users\razva\AppData\Roaming\Code\User\globalStorage\redhat.java\1.35.1\config_win\org.eclipse.equinox.launcher\org.eclipse.equinox.launcher.win32.win32.x86_64_1.2.1100.v20240722-2106\eclipse_11904.dll
0x00007ff84f6f0000 - 0x00007ff84f81b000 	C:\WINDOWS\System32\ole32.dll
0x00007ff829510000 - 0x00007ff829519000 	C:\Users\razva\.vscode\extensions\redhat.java-1.35.1-win32-x64\jre\17.0.12-win32-x86_64\bin\management.dll
0x00007ff828690000 - 0x00007ff82869b000 	C:\Users\razva\.vscode\extensions\redhat.java-1.35.1-win32-x64\jre\17.0.12-win32-x86_64\bin\management_ext.dll
0x00007ff84ea70000 - 0x00007ff84ea78000 	C:\WINDOWS\System32\PSAPI.DLL
0x00007ff84d4b0000 - 0x00007ff84d4c8000 	C:\WINDOWS\SYSTEM32\CRYPTSP.dll
0x00007ff84cbb0000 - 0x00007ff84cbe4000 	C:\WINDOWS\system32\rsaenh.dll
0x00007ff84daa0000 - 0x00007ff84dace000 	C:\WINDOWS\SYSTEM32\USERENV.dll
0x00007ff84d4d0000 - 0x00007ff84d4dc000 	C:\WINDOWS\SYSTEM32\CRYPTBASE.dll
0x00007ff84cf90000 - 0x00007ff84cfcb000 	C:\WINDOWS\SYSTEM32\IPHLPAPI.DLL
0x00007ff84f540000 - 0x00007ff84f548000 	C:\WINDOWS\System32\NSI.dll
0x00007ff845ce0000 - 0x00007ff845cf7000 	C:\WINDOWS\SYSTEM32\dhcpcsvc6.DLL
0x00007ff848570000 - 0x00007ff84858d000 	C:\WINDOWS\SYSTEM32\dhcpcsvc.DLL
0x00007ff84cfe0000 - 0x00007ff84d0aa000 	C:\WINDOWS\SYSTEM32\DNSAPI.dll
0x00007ffffad60000 - 0x00007ffffada9000 	C:\Users\razva\AppData\Local\Temp\jna-108292118\jna18199389174128709551.dll
0x00007ff827fb0000 - 0x00007ff827fbe000 	C:\Users\razva\.vscode\extensions\redhat.java-1.35.1-win32-x64\jre\17.0.12-win32-x86_64\bin\sunmscapi.dll
0x00007ff84dd40000 - 0x00007ff84de9c000 	C:\WINDOWS\System32\CRYPT32.dll
0x00007ff84d650000 - 0x00007ff84d677000 	C:\WINDOWS\SYSTEM32\ncrypt.dll
0x00007ff84d610000 - 0x00007ff84d64b000 	C:\WINDOWS\SYSTEM32\NTASN1.dll
0x00007ff843330000 - 0x00007ff84333a000 	C:\Windows\System32\rasadhlp.dll
0x00007ff843790000 - 0x00007ff843810000 	C:\WINDOWS\System32\fwpuclnt.dll
0x00007ff826100000 - 0x00007ff826109000 	C:\Users\razva\.vscode\extensions\redhat.java-1.35.1-win32-x64\jre\17.0.12-win32-x86_64\bin\extnet.dll

dbghelp: loaded successfully - version: 4.0.5 - missing functions: none
symbol engine: initialized successfully - sym options: 0x614 - pdb path: .;c:\Users\razva\.vscode\extensions\redhat.java-1.35.1-win32-x64\jre\17.0.12-win32-x86_64\bin;C:\WINDOWS\SYSTEM32;C:\WINDOWS\WinSxS\amd64_microsoft.windows.common-controls_6595b64144ccf1df_6.0.19041.4355_none_60b8b9eb71f62e16;c:\Users\razva\.vscode\extensions\redhat.java-1.35.1-win32-x64\jre\17.0.12-win32-x86_64\bin\server;C:\Users\razva\AppData\Roaming\Code\User\globalStorage\redhat.java\1.35.1\config_win\org.eclipse.equinox.launcher\org.eclipse.equinox.launcher.win32.win32.x86_64_1.2.1100.v20240722-2106;C:\Users\razva\AppData\Local\Temp\jna-108292118

VM Arguments:
jvm_args: --add-modules=ALL-SYSTEM --add-opens=java.base/java.util=ALL-UNNAMED --add-opens=java.base/java.lang=ALL-UNNAMED --add-opens=java.base/sun.nio.fs=ALL-UNNAMED -Declipse.application=org.eclipse.jdt.ls.core.id1 -Dosgi.bundles.defaultStartLevel=4 -Declipse.product=org.eclipse.jdt.ls.core.product -Djava.import.generatesMetadataFilesAtProjectRoot=false -DDetectVMInstallationsJob.disabled=true -Dfile.encoding=utf8 -XX:+UseParallelGC -XX:GCTimeRatio=4 -XX:AdaptiveSizePolicyWeight=90 -Dsun.zip.disableMemoryMapping=true -Xmx1G -Xms100m -Xlog:disable -javaagent:c:\Users\razva\.vscode\extensions\redhat.java-1.35.1-win32-x64\lombok\lombok-1.18.33.jar -XX:+HeapDumpOnOutOfMemoryError -XX:HeapDumpPath=c:\Users\razva\AppData\Roaming\Code\User\workspaceStorage\7dcb9be5fa4ee758dcac18628093a193\redhat.java -Daether.dependencyCollector.impl=bf 
java_command: c:\Users\razva\.vscode\extensions\redhat.java-1.35.1-win32-x64\server\plugins\org.eclipse.equinox.launcher_1.6.900.v20240613-2009.jar -configuration c:\Users\razva\AppData\Roaming\Code\User\globalStorage\redhat.java\1.35.1\config_win -data c:\Users\razva\AppData\Roaming\Code\User\workspaceStorage\7dcb9be5fa4ee758dcac18628093a193\redhat.java\jdt_ws --pipe=\\.\pipe\lsp-7b0c7f190b5c93ca057a4bc4dbc2dc99-sock
java_class_path (initial): c:\Users\razva\.vscode\extensions\redhat.java-1.35.1-win32-x64\server\plugins\org.eclipse.equinox.launcher_1.6.900.v20240613-2009.jar
Launcher Type: SUN_STANDARD

[Global flags]
    uintx AdaptiveSizePolicyWeight                 = 90                                        {product} {command line}
     intx CICompilerCount                          = 4                                         {product} {ergonomic}
    uintx GCTimeRatio                              = 4                                         {product} {command line}
     bool HeapDumpOnOutOfMemoryError               = true                                   {manageable} {command line}
    ccstr HeapDumpPath                             = c:\Users\razva\AppData\Roaming\Code\User\workspaceStorage\7dcb9be5fa4ee758dcac18628093a193\redhat.java         {manageable} {command line}
   size_t InitialHeapSize                          = 104857600                                 {product} {command line}
   size_t MaxHeapSize                              = 1073741824                                {product} {command line}
   size_t MaxNewSize                               = 357564416                                 {product} {ergonomic}
   size_t MinHeapDeltaBytes                        = 524288                                    {product} {ergonomic}
   size_t MinHeapSize                              = 104857600                                 {product} {command line}
   size_t NewSize                                  = 34603008                                  {product} {ergonomic}
    uintx NonNMethodCodeHeapSize                   = 5839372                                {pd product} {ergonomic}
    uintx NonProfiledCodeHeapSize                  = 122909434                              {pd product} {ergonomic}
   size_t OldSize                                  = 70254592                                  {product} {ergonomic}
    uintx ProfiledCodeHeapSize                     = 122909434                              {pd product} {ergonomic}
    uintx ReservedCodeCacheSize                    = 251658240                              {pd product} {ergonomic}
     bool SegmentedCodeCache                       = true                                      {product} {ergonomic}
   size_t SoftMaxHeapSize                          = 1073741824                             {manageable} {ergonomic}
     bool UseCompressedClassPointers               = true                           {product lp64_product} {ergonomic}
     bool UseCompressedOops                        = true                           {product lp64_product} {ergonomic}
     bool UseLargePagesIndividualAllocation        = false                                  {pd product} {ergonomic}
     bool UseParallelGC                            = true                                      {product} {command line}

Logging:
Log output configuration:
 #0: stdout all=off uptime,level,tags
 #1: stderr all=off uptime,level,tags

Environment Variables:
CLASSPATH=D:\Facultate\AN3\Sem1\IS\lab3\compiled\simplechat1
PATH=C:\Program Files\NVIDIA GPU Computing Toolkit\CUDA\v12.6\bin;C:\Program Files\NVIDIA GPU Computing Toolkit\CUDA\v12.6\libnvvp;C:\Program Files\NVIDIA\CUDNN\v9.3\bin;C:\Program Files\Common Files\Oracle\Java\javapath;C:\Program Files (x86)\Common Files\Oracle\Java\javapath;C:\PROGRA~2\Aldec\ACTIVE~1.3\BIN;C:\Program Files\NVIDIA Corporation\NVIDIA NvDLISR;D:\mathlab\bin;C:\Program Files\Docker\Docker\resources\bin;C:\Program Files\dotnet\;C:\Program Files (x86)\dotnet\;C:\Program Files\nodejs\;D:\git\Git\cmd;C:\Program Files\NVIDIA Corporation\Nsight Compute 2024.3.0\;C:\Program Files (x86)\NVIDIA Corporation\PhysX\Common;C:\Program Files (x86)\Elm\0.19.1\bin;C:\Users\razva\AppData\Local\Microsoft\WindowsApps;C:\Users\razva\.dotnet\tools;C:\Users\razva\AppData\Local\Programs\Microsoft VS Code\bin;C:\Users\razva\Downloads\Folder nou (2);C:\windows\system32;C:\Users\razva\AppData\Roaming\npm;C:\Program Files\CMake\bin;C:\Program Files\Java\jre1.8.0_45\bin;C:\ghcup\bin;C:\Users\razva\AppData\Local\GitHubDesktop\bin
USERNAME=razva
OS=Windows_NT
PROCESSOR_IDENTIFIER=Intel64 Family 6 Model 158 Stepping 10, GenuineIntel
TMP=C:\Users\razva\AppData\Local\Temp
TEMP=C:\Users\razva\AppData\Local\Temp



Periodic native trim disabled


---------------  S Y S T E M  ---------------

OS:
 Windows 10 , 64 bit Build 19041 (10.0.19041.4957)
OS uptime: 2 days 5:25 hours
Hyper-V role detected

CPU: total 12 (initial active 12) (6 cores per cpu, 2 threads per core) family 6 model 158 stepping 10 microcode 0xcc, cx8, cmov, fxsr, ht, mmx, 3dnowpref, sse, sse2, sse3, ssse3, sse4.1, sse4.2, popcnt, lzcnt, tsc, tscinvbit, avx, avx2, aes, erms, clmul, bmi1, bmi2, adx, fma, vzeroupper, clflush, clflushopt, hv
Processor Information for all 12 processors :
  Max Mhz: 2592, Current Mhz: 2592, Mhz Limit: 2592

Memory: 4k page, system-wide physical 16223M (2197M free)
TotalPageFile size 34281M (AvailPageFile size 66M)
current process WorkingSet (physical memory assigned to process): 216M, peak: 235M
current process commit charge ("private bytes"): 310M, peak: 338M

vm_info: OpenJDK 64-Bit Server VM (17.0.12+7) for windows-amd64 JRE (17.0.12+7), built on Jul 16 2024 22:08:24 by "admin" with MS VC++ 16.10 / 16.11 (VS2019)

END.
